platforms/android/app/build/outputs/logs/manifest-merger-debug-report.txt
-- Merging decision tree log ---
provider#de.appplant.cordova.emailcomposer.Provider
INJECTED from src/main/AndroidManifest.xml:12:9-14:20
	android:grantUriPermissions
		ADDED from src/main/AndroidManifest.xml:12:92-126
	android:authorities
		INJECTED from src/main/AndroidManifest.xml
		ADDED from src/main/AndroidManifest.xml:12:19-66
	android:exported
		ADDED from src/main/AndroidManifest.xml:12:67-91
	android:name
		ADDED from src/main/AndroidManifest.xml:12:127-184
provider#nl.xservices.plugins.FileProvider
INJECTED from src/main/AndroidManifest.xml:18:9-20:20
	android:grantUriPermissions
		ADDED from src/main/AndroidManifest.xml:18:100-134
	android:authorities
		INJECTED from src/main/AndroidManifest.xml
		ADDED from src/main/AndroidManifest.xml:18:19-74
	android:exported
		ADDED from src/main/AndroidManifest.xml:18:75-99
	android:name
		ADDED from src/main/AndroidManifest.xml:18:135-183
manifest
ADDED from src/main/AndroidManifest.xml:2:1-41:12
INJECTED from src/main/AndroidManifest.xml:2:1-41:12
INJECTED from src/main/AndroidManifest.xml:2:1-41:12
INJECTED from src/main/AndroidManifest.xml:2:1-41:12
MERGED from [com.onesignal:OneSignal:3.11.1] AndroidManifest.xml:2:1-106:12
MERGED from [com.facebook.android:facebook-android-sdk:5.0.2] AndroidManifest.xml:21:1-31:12
MERGED from [com.facebook.android:facebook-login:5.0.2] AndroidManifest.xml:21:1-31:12
MERGED from [com.facebook.android:facebook-share:5.0.2] AndroidManifest.xml:21:1-31:12
MERGED from [com.facebook.android:facebook-common:5.0.2] AndroidManifest.xml:21:1-37:12
MERGED from [com.google.firebase:firebase-messaging:12.0.1] AndroidManifest.xml:17:1-37:12
MERGED from [com.google.android.gms:play-services-location:12.0.1] AndroidManifest.xml:2:1-9:12
MERGED from [com.google.android.gms:play-services-base:12.0.1] AndroidManifest.xml:17:1-29:12
MERGED from [com.google.firebase:firebase-iid:12.0.1] AndroidManifest.xml:17:1-59:12
MERGED from [com.google.firebase:firebase-common:12.0.1] AndroidManifest.xml:2:1-15:12
MERGED from [com.google.android.gms:play-services-tasks:12.0.1] AndroidManifest.xml:2:1-9:12
MERGED from [com.google.android.gms:play-services-basement:12.0.1] AndroidManifest.xml:17:1-28:12
MERGED from [com.android.support:support-v4:27.0.2] AndroidManifest.xml:17:1-22:12
MERGED from [:CordovaLib] AndroidManifest.xml:20:1-27:12
MERGED from [com.android.support:support-media-compat:27.0.2] AndroidManifest.xml:17:1-22:12
MERGED from [com.android.support:appcompat-v7:27.0.2] AndroidManifest.xml:17:1-22:12
MERGED from [com.android.support:support-fragment:27.0.2] AndroidManifest.xml:17:1-22:12
MERGED from [com.facebook.android:facebook-places:5.0.2] AndroidManifest.xml:21:1-31:12
MERGED from [com.facebook.android:facebook-applinks:5.0.2] AndroidManifest.xml:21:1-31:12
MERGED from [com.facebook.android:facebook-messenger:5.0.2] AndroidManifest.xml:21:1-31:12
MERGED from [com.facebook.android:facebook-core:5.0.2] AndroidManifest.xml:21:1-61:12
MERGED from [com.android.support:support-core-utils:27.0.2] AndroidManifest.xml:17:1-22:12
MERGED from [com.android.support:animated-vector-drawable:27.0.2] AndroidManifest.xml:17:1-22:12
MERGED from [com.android.support:support-core-ui:27.0.2] AndroidManifest.xml:17:1-22:12
MERGED from [com.android.support:customtabs:27.0.2] AndroidManifest.xml:17:1-22:12
MERGED from [com.android.support:support-vector-drawable:27.0.2] AndroidManifest.xml:17:1-22:12
MERGED from [com.android.support:support-compat:27.0.2] AndroidManifest.xml:17:1-22:12
MERGED from [com.android.support:cardview-v7:27.0.2] AndroidManifest.xml:17:1-22:12
MERGED from [android.arch.lifecycle:runtime:1.0.3] AndroidManifest.xml:17:1-24:12
MERGED from [com.google.firebase:firebase-messaging-license:12.0.1] AndroidManifest.xml:17:1-24:12
MERGED from [com.google.android.gms:play-services-location-license:12.0.1] AndroidManifest.xml:17:1-24:12
MERGED from [com.google.android.gms:play-services-base-license:12.0.1] AndroidManifest.xml:17:1-24:12
MERGED from [com.google.firebase:firebase-iid-license:12.0.1] AndroidManifest.xml:17:1-24:12
MERGED from [com.google.android.gms:play-services-basement-license:12.0.1] AndroidManifest.xml:17:1-24:12
MERGED from [com.google.firebase:firebase-common-license:12.0.1] AndroidManifest.xml:17:1-24:12
MERGED from [com.google.android.gms:play-services-tasks-license:12.0.1] AndroidManifest.xml:17:1-24:12
INJECTED from src/main/AndroidManifest.xml:2:1-41:12
INJECTED from src/main/AndroidManifest.xml:2:1-41:12
INJECTED from src/main/AndroidManifest.xml:2:1-41:12
	package
		ADDED from src/main/AndroidManifest.xml:2:98-131
		INJECTED from src/main/AndroidManifest.xml
		INJECTED from src/main/AndroidManifest.xml
	android:versionName
		ADDED from src/main/AndroidManifest.xml:2:70-97
		INJECTED from src/main/AndroidManifest.xml
		INJECTED from src/main/AndroidManifest.xml
	android:hardwareAccelerated
		ADDED from src/main/AndroidManifest.xml:2:11-45
	xmlns:android
		ADDED from src/main/AndroidManifest.xml:2:132-190
	android:versionCode
		ADDED from src/main/AndroidManifest.xml:2:46-69
		INJECTED from src/main/AndroidManifest.xml
		INJECTED from src/main/AndroidManifest.xml
supports-screens
ADDED from src/main/AndroidManifest.xml:3:5-191
	android:largeScreens
		ADDED from src/main/AndroidManifest.xml:3:49-76
	android:smallScreens
		ADDED from src/main/AndroidManifest.xml:3:132-159
	android:normalScreens
		ADDED from src/main/AndroidManifest.xml:3:77-105
	android:xlargeScreens
		ADDED from src/main/AndroidManifest.xml:3:160-188
	android:resizeable
		ADDED from src/main/AndroidManifest.xml:3:106-131
	android:anyDensity
		ADDED from src/main/AndroidManifest.xml:3:23-48
uses-permission#android.permission.INTERNET
ADDED from src/main/AndroidManifest.xml:4:5-67
MERGED from [com.onesignal:OneSignal:3.11.1] AndroidManifest.xml:16:5-67
MERGED from [com.onesignal:OneSignal:3.11.1] AndroidManifest.xml:16:5-67
MERGED from [com.google.firebase:firebase-iid:12.0.1] AndroidManifest.xml:23:5-67
MERGED from [com.google.firebase:firebase-iid:12.0.1] AndroidManifest.xml:23:5-67
	android:name
		ADDED from src/main/AndroidManifest.xml:4:22-64
application
ADDED from src/main/AndroidManifest.xml:5:5-30:19
MERGED from [com.onesignal:OneSignal:3.11.1] AndroidManifest.xml:48:5-104:19
MERGED from [com.onesignal:OneSignal:3.11.1] AndroidManifest.xml:48:5-104:19
MERGED from [com.facebook.android:facebook-android-sdk:5.0.2] AndroidManifest.xml:28:5-29:19
MERGED from [com.facebook.android:facebook-android-sdk:5.0.2] AndroidManifest.xml:28:5-29:19
MERGED from [com.facebook.android:facebook-login:5.0.2] AndroidManifest.xml:28:5-29:19
MERGED from [com.facebook.android:facebook-login:5.0.2] AndroidManifest.xml:28:5-29:19
MERGED from [com.facebook.android:facebook-share:5.0.2] AndroidManifest.xml:28:5-29:19
MERGED from [com.facebook.android:facebook-share:5.0.2] AndroidManifest.xml:28:5-29:19
MERGED from [com.facebook.android:facebook-common:5.0.2] AndroidManifest.xml:28:5-35:19
MERGED from [com.facebook.android:facebook-common:5.0.2] AndroidManifest.xml:28:5-35:19
MERGED from [com.google.firebase:firebase-messaging:12.0.1] AndroidManifest.xml:22:5-35:19
MERGED from [com.google.firebase:firebase-messaging:12.0.1] AndroidManifest.xml:22:5-35:19
MERGED from [com.google.android.gms:play-services-location:12.0.1] AndroidManifest.xml:7:5-20
MERGED from [com.google.android.gms:play-services-location:12.0.1] AndroidManifest.xml:7:5-20
MERGED from [com.google.android.gms:play-services-base:12.0.1] AndroidManifest.xml:22:5-27:19
MERGED from [com.google.android.gms:play-services-base:12.0.1] AndroidManifest.xml:22:5-27:19
MERGED from [com.google.firebase:firebase-iid:12.0.1] AndroidManifest.xml:34:5-57:19
MERGED from [com.google.firebase:firebase-iid:12.0.1] AndroidManifest.xml:34:5-57:19
MERGED from [com.google.firebase:firebase-common:12.0.1] AndroidManifest.xml:7:5-13:19
MERGED from [com.google.firebase:firebase-common:12.0.1] AndroidManifest.xml:7:5-13:19
MERGED from [com.google.android.gms:play-services-tasks:12.0.1] AndroidManifest.xml:7:5-20
MERGED from [com.google.android.gms:play-services-tasks:12.0.1] AndroidManifest.xml:7:5-20
MERGED from [com.google.android.gms:play-services-basement:12.0.1] AndroidManifest.xml:22:5-26:19
MERGED from [com.google.android.gms:play-services-basement:12.0.1] AndroidManifest.xml:22:5-26:19
MERGED from [com.facebook.android:facebook-places:5.0.2] AndroidManifest.xml:28:5-29:19
MERGED from [com.facebook.android:facebook-places:5.0.2] AndroidManifest.xml:28:5-29:19
MERGED from [com.facebook.android:facebook-applinks:5.0.2] AndroidManifest.xml:28:5-29:19
MERGED from [com.facebook.android:facebook-applinks:5.0.2] AndroidManifest.xml:28:5-29:19
MERGED from [com.facebook.android:facebook-messenger:5.0.2] AndroidManifest.xml:28:5-29:19
MERGED from [com.facebook.android:facebook-messenger:5.0.2] AndroidManifest.xml:28:5-29:19
MERGED from [com.facebook.android:facebook-core:5.0.2] AndroidManifest.xml:28:5-59:19
MERGED from [com.facebook.android:facebook-core:5.0.2] AndroidManifest.xml:28:5-59:19
MERGED from [com.google.firebase:firebase-messaging-license:12.0.1] AndroidManifest.xml:22:5-20
MERGED from [com.google.firebase:firebase-messaging-license:12.0.1] AndroidManifest.xml:22:5-20
MERGED from [com.google.android.gms:play-services-location-license:12.0.1] AndroidManifest.xml:22:5-20
MERGED from [com.google.android.gms:play-services-location-license:12.0.1] AndroidManifest.xml:22:5-20
MERGED from [com.google.android.gms:play-services-base-license:12.0.1] AndroidManifest.xml:22:5-20
MERGED from [com.google.android.gms:play-services-base-license:12.0.1] AndroidManifest.xml:22:5-20
MERGED from [com.google.firebase:firebase-iid-license:12.0.1] AndroidManifest.xml:22:5-20
MERGED from [com.google.firebase:firebase-iid-license:12.0.1] AndroidManifest.xml:22:5-20
MERGED from [com.google.android.gms:play-services-basement-license:12.0.1] AndroidManifest.xml:22:5-20
MERGED from [com.google.android.gms:play-services-basement-license:12.0.1] AndroidManifest.xml:22:5-20
MERGED from [com.google.firebase:firebase-common-license:12.0.1] AndroidManifest.xml:22:5-20
MERGED from [com.google.firebase:firebase-common-license:12.0.1] AndroidManifest.xml:22:5-20
MERGED from [com.google.android.gms:play-services-tasks-license:12.0.1] AndroidManifest.xml:22:5-20
MERGED from [com.google.android.gms:play-services-tasks-license:12.0.1] AndroidManifest.xml:22:5-20
	android:supportsRtl
		ADDED from src/main/AndroidManifest.xml:5:114-140
	android:label
		ADDED from src/main/AndroidManifest.xml:5:81-113
	android:hardwareAccelerated
		ADDED from src/main/AndroidManifest.xml:5:18-52
	android:icon
		ADDED from src/main/AndroidManifest.xml:5:53-80
activity#com.greenwill.cleanever.MainActivity
ADDED from src/main/AndroidManifest.xml:6:9-11:20
	android:screenOrientation
		ADDED from src/main/AndroidManifest.xml:6:194-230
	android:label
		ADDED from src/main/AndroidManifest.xml:6:97-134
	android:launchMode
		ADDED from src/main/AndroidManifest.xml:6:135-165
	android:windowSoftInputMode
		ADDED from src/main/AndroidManifest.xml:6:294-336
	android:configChanges
		ADDED from src/main/AndroidManifest.xml:6:19-96
	android:theme
		ADDED from src/main/AndroidManifest.xml:6:231-293
	android:name
		ADDED from src/main/AndroidManifest.xml:6:166-193
intent-filter#android.intent.action.MAIN+android.intent.category.LAUNCHER
ADDED from src/main/AndroidManifest.xml:7:13-10:29
	android:label
		ADDED from src/main/AndroidManifest.xml:7:28-65
action#android.intent.action.MAIN
ADDED from src/main/AndroidManifest.xml:8:17-69
	android:name
		ADDED from src/main/AndroidManifest.xml:8:25-66
category#android.intent.category.LAUNCHER
ADDED from src/main/AndroidManifest.xml:9:17-77
	android:name
		ADDED from src/main/AndroidManifest.xml:9:27-74
meta-data#com.facebook.sdk.ApplicationId
ADDED from src/main/AndroidManifest.xml:15:9-102
	android:value
		ADDED from src/main/AndroidManifest.xml:15:66-99
	android:name
		ADDED from src/main/AndroidManifest.xml:15:20-65
meta-data#com.facebook.sdk.ApplicationName
ADDED from src/main/AndroidManifest.xml:16:9-106
	android:value
		ADDED from src/main/AndroidManifest.xml:16:68-103
	android:name
		ADDED from src/main/AndroidManifest.xml:16:20-67
activity#com.facebook.FacebookActivity
ADDED from src/main/AndroidManifest.xml:17:9-186
MERGED from [com.facebook.android:facebook-common:5.0.2] AndroidManifest.xml:29:9-32:66
MERGED from [com.facebook.android:facebook-common:5.0.2] AndroidManifest.xml:29:9-32:66
	android:label
		ADDED from src/main/AndroidManifest.xml:17:103-138
	android:configChanges
		ADDED from src/main/AndroidManifest.xml:17:19-102
	android:theme
		ADDED from [com.facebook.android:facebook-common:5.0.2] AndroidManifest.xml:32:13-63
	android:name
		ADDED from src/main/AndroidManifest.xml:17:139-183
amazon:enable-feature
ADDED from src/main/AndroidManifest.xml:21:9-159
	xmlns:amazon
		ADDED from src/main/AndroidManifest.xml:21:100-156
	android:required
		ADDED from src/main/AndroidManifest.xml:21:75-99
	android:name
		ADDED from src/main/AndroidManifest.xml:21:32-74
service#com.onesignal.ADMMessageHandler
ADDED from src/main/AndroidManifest.xml:22:9-92
	android:exported
		ADDED from src/main/AndroidManifest.xml:22:18-42
	android:name
		ADDED from src/main/AndroidManifest.xml:22:43-89
receiver#com.onesignal.ADMMessageHandler$Receiver
ADDED from src/main/AndroidManifest.xml:23:9-29:20
	android:permission
		ADDED from src/main/AndroidManifest.xml:23:75-139
	android:name
		ADDED from src/main/AndroidManifest.xml:23:19-74
intent-filter#com.amazon.device.messaging.intent.RECEIVE+com.amazon.device.messaging.intent.REGISTRATION+com.greenwill.cleanever
ADDED from src/main/AndroidManifest.xml:24:13-28:29
action#com.amazon.device.messaging.intent.REGISTRATION
ADDED from src/main/AndroidManifest.xml:25:17-90
	android:name
		ADDED from src/main/AndroidManifest.xml:25:25-87
action#com.amazon.device.messaging.intent.RECEIVE
ADDED from src/main/AndroidManifest.xml:26:17-85
	android:name
		ADDED from src/main/AndroidManifest.xml:26:25-82
category#com.greenwill.cleanever
ADDED from src/main/AndroidManifest.xml:27:17-68
	android:name
		ADDED from src/main/AndroidManifest.xml:27:27-65
uses-sdk
ADDED from src/main/AndroidManifest.xml:31:5-74
MERGED from [com.onesignal:OneSignal:3.11.1] AndroidManifest.xml:4:5-44
MERGED from [com.onesignal:OneSignal:3.11.1] AndroidManifest.xml:4:5-44
MERGED from [com.facebook.android:facebook-android-sdk:5.0.2] AndroidManifest.xml:24:5-26:41
MERGED from [com.facebook.android:facebook-android-sdk:5.0.2] AndroidManifest.xml:24:5-26:41
MERGED from [com.facebook.android:facebook-login:5.0.2] AndroidManifest.xml:24:5-26:41
MERGED from [com.facebook.android:facebook-login:5.0.2] AndroidManifest.xml:24:5-26:41
MERGED from [com.facebook.android:facebook-share:5.0.2] AndroidManifest.xml:24:5-26:41
MERGED from [com.facebook.android:facebook-share:5.0.2] AndroidManifest.xml:24:5-26:41
MERGED from [com.facebook.android:facebook-common:5.0.2] AndroidManifest.xml:24:5-26:41
MERGED from [com.facebook.android:facebook-common:5.0.2] AndroidManifest.xml:24:5-26:41
MERGED from [com.google.firebase:firebase-messaging:12.0.1] AndroidManifest.xml:20:5-44
MERGED from [com.google.firebase:firebase-messaging:12.0.1] AndroidManifest.xml:20:5-44
MERGED from [com.google.android.gms:play-services-location:12.0.1] AndroidManifest.xml:5:5-44
MERGED from [com.google.android.gms:play-services-location:12.0.1] AndroidManifest.xml:5:5-44
MERGED from [com.google.android.gms:play-services-base:12.0.1] AndroidManifest.xml:20:5-44
MERGED from [com.google.android.gms:play-services-base:12.0.1] AndroidManifest.xml:20:5-44
MERGED from [com.google.firebase:firebase-iid:12.0.1] AndroidManifest.xml:20:5-44
MERGED from [com.google.firebase:firebase-iid:12.0.1] AndroidManifest.xml:20:5-44
MERGED from [com.google.firebase:firebase-common:12.0.1] AndroidManifest.xml:5:5-44
MERGED from [com.google.firebase:firebase-common:12.0.1] AndroidManifest.xml:5:5-44
MERGED from [com.google.android.gms:play-services-tasks:12.0.1] AndroidManifest.xml:5:5-44
MERGED from [com.google.android.gms:play-services-tasks:12.0.1] AndroidManifest.xml:5:5-44
MERGED from [com.google.android.gms:play-services-basement:12.0.1] AndroidManifest.xml:20:5-44
MERGED from [com.google.android.gms:play-services-basement:12.0.1] AndroidManifest.xml:20:5-44
MERGED from [com.android.support:support-v4:27.0.2] AndroidManifest.xml:20:5-44
MERGED from [com.android.support:support-v4:27.0.2] AndroidManifest.xml:20:5-44
MERGED from [:CordovaLib] AndroidManifest.xml:25:5-44
MERGED from [:CordovaLib] AndroidManifest.xml:25:5-44
MERGED from [com.android.support:support-media-compat:27.0.2] AndroidManifest.xml:20:5-44
MERGED from [com.android.support:support-media-compat:27.0.2] AndroidManifest.xml:20:5-44
MERGED from [com.android.support:appcompat-v7:27.0.2] AndroidManifest.xml:20:5-44
MERGED from [com.android.support:appcompat-v7:27.0.2] AndroidManifest.xml:20:5-44
MERGED from [com.android.support:support-fragment:27.0.2] AndroidManifest.xml:20:5-44
MERGED from [com.android.support:support-fragment:27.0.2] AndroidManifest.xml:20:5-44
MERGED from [com.facebook.android:facebook-places:5.0.2] AndroidManifest.xml:24:5-26:41
MERGED from [com.facebook.android:facebook-places:5.0.2] AndroidManifest.xml:24:5-26:41
MERGED from [com.facebook.android:facebook-applinks:5.0.2] AndroidManifest.xml:24:5-26:41
MERGED from [com.facebook.android:facebook-applinks:5.0.2] AndroidManifest.xml:24:5-26:41
MERGED from [com.facebook.android:facebook-messenger:5.0.2] AndroidManifest.xml:24:5-26:41
MERGED from [com.facebook.android:facebook-messenger:5.0.2] AndroidManifest.xml:24:5-26:41
MERGED from [com.facebook.android:facebook-core:5.0.2] AndroidManifest.xml:24:5-26:41
MERGED from [com.facebook.android:facebook-core:5.0.2] AndroidManifest.xml:24:5-26:41
MERGED from [com.android.support:support-core-utils:27.0.2] AndroidManifest.xml:20:5-44
MERGED from [com.android.support:support-core-utils:27.0.2] AndroidManifest.xml:20:5-44
MERGED from [com.android.support:animated-vector-drawable:27.0.2] AndroidManifest.xml:20:5-44
MERGED from [com.android.support:animated-vector-drawable:27.0.2] AndroidManifest.xml:20:5-44
MERGED from [com.android.support:support-core-ui:27.0.2] AndroidManifest.xml:20:5-44
MERGED from [com.android.support:support-core-ui:27.0.2] AndroidManifest.xml:20:5-44
MERGED from [com.android.support:customtabs:27.0.2] AndroidManifest.xml:20:5-44
MERGED from [com.android.support:customtabs:27.0.2] AndroidManifest.xml:20:5-44
MERGED from [com.android.support:support-vector-drawable:27.0.2] AndroidManifest.xml:20:5-44
MERGED from [com.android.support:support-vector-drawable:27.0.2] AndroidManifest.xml:20:5-44
MERGED from [com.android.support:support-compat:27.0.2] AndroidManifest.xml:20:5-44
MERGED from [com.android.support:support-compat:27.0.2] AndroidManifest.xml:20:5-44
MERGED from [com.android.support:cardview-v7:27.0.2] AndroidManifest.xml:20:5-44
MERGED from [com.android.support:cardview-v7:27.0.2] AndroidManifest.xml:20:5-44
MERGED from [android.arch.lifecycle:runtime:1.0.3] AndroidManifest.xml:20:5-22:41
MERGED from [android.arch.lifecycle:runtime:1.0.3] AndroidManifest.xml:20:5-22:41
MERGED from [com.google.firebase:firebase-messaging-license:12.0.1] AndroidManifest.xml:20:5-44
MERGED from [com.google.firebase:firebase-messaging-license:12.0.1] AndroidManifest.xml:20:5-44
MERGED from [com.google.android.gms:play-services-location-license:12.0.1] AndroidManifest.xml:20:5-44
MERGED from [com.google.android.gms:play-services-location-license:12.0.1] AndroidManifest.xml:20:5-44
MERGED from [com.google.android.gms:play-services-base-license:12.0.1] AndroidManifest.xml:20:5-44
MERGED from [com.google.android.gms:play-services-base-license:12.0.1] AndroidManifest.xml:20:5-44
MERGED from [com.google.firebase:firebase-iid-license:12.0.1] AndroidManifest.xml:20:5-44
MERGED from [com.google.firebase:firebase-iid-license:12.0.1] AndroidManifest.xml:20:5-44
MERGED from [com.google.android.gms:play-services-basement-license:12.0.1] AndroidManifest.xml:20:5-44
MERGED from [com.google.android.gms:play-services-basement-license:12.0.1] AndroidManifest.xml:20:5-44
MERGED from [com.google.firebase:firebase-common-license:12.0.1] AndroidManifest.xml:20:5-44
MERGED from [com.google.firebase:firebase-common-license:12.0.1] AndroidManifest.xml:20:5-44
MERGED from [com.google.android.gms:play-services-tasks-license:12.0.1] AndroidManifest.xml:20:5-44
MERGED from [com.google.android.gms:play-services-tasks-license:12.0.1] AndroidManifest.xml:20:5-44
	android:targetSdkVersion
		ADDED from src/main/AndroidManifest.xml:31:42-71
	android:minSdkVersion
		ADDED from src/main/AndroidManifest.xml:31:15-41
uses-permission#android.permission.GET_ACCOUNTS
ADDED from src/main/AndroidManifest.xml:32:5-71
	android:name
		ADDED from src/main/AndroidManifest.xml:32:22-68
uses-permission#android.permission.ACCESS_COARSE_LOCATION
ADDED from src/main/AndroidManifest.xml:33:5-81
	android:name
		ADDED from src/main/AndroidManifest.xml:33:22-78
uses-permission#android.permission.ACCESS_FINE_LOCATION
ADDED from src/main/AndroidManifest.xml:34:5-79
	android:name
		ADDED from src/main/AndroidManifest.xml:34:22-76
uses-feature#android.hardware.location.gps
ADDED from src/main/AndroidManifest.xml:35:5-66
	android:name
		ADDED from src/main/AndroidManifest.xml:35:19-63
uses-permission#android.permission.ACCESS_NETWORK_STATE
ADDED from src/main/AndroidManifest.xml:36:5-79
MERGED from [com.onesignal:OneSignal:3.11.1] AndroidManifest.xml:24:5-79
MERGED from [com.onesignal:OneSignal:3.11.1] AndroidManifest.xml:24:5-79
MERGED from [com.google.firebase:firebase-iid:12.0.1] AndroidManifest.xml:22:5-79
MERGED from [com.google.firebase:firebase-iid:12.0.1] AndroidManifest.xml:22:5-79
	android:name
		ADDED from src/main/AndroidManifest.xml:36:22-76
uses-permission#android.permission.WRITE_EXTERNAL_STORAGE
ADDED from src/main/AndroidManifest.xml:37:5-81
	android:name
		ADDED from src/main/AndroidManifest.xml:37:22-78
uses-permission#com.amazon.device.messaging.permission.RECEIVE
ADDED from src/main/AndroidManifest.xml:38:5-86
	android:name
		ADDED from src/main/AndroidManifest.xml:38:22-83
permission#com.greenwill.cleanever.permission.RECEIVE_ADM_MESSAGE
ADDED from src/main/AndroidManifest.xml:39:5-125
	android:protectionLevel
		ADDED from src/main/AndroidManifest.xml:39:87-122
	android:name
		ADDED from src/main/AndroidManifest.xml:39:17-86
uses-permission#com.greenwill.cleanever.permission.RECEIVE_ADM_MESSAGE
ADDED from src/main/AndroidManifest.xml:40:5-94
	android:name
		ADDED from src/main/AndroidManifest.xml:40:22-91
meta-data#android.support.FILE_PROVIDER_PATHS
ADDED from src/main/AndroidManifest.xml:13:13-130
	android:resource
		ADDED from src/main/AndroidManifest.xml:13:75-127
	android:name
		ADDED from src/main/AndroidManifest.xml:13:24-74
permission#${applicationId}.permission.C2D_MESSAGE
ADDED from [com.onesignal:OneSignal:3.11.1] AndroidManifest.xml:7:5-9:47
MERGED from [com.google.firebase:firebase-iid:12.0.1] AndroidManifest.xml:28:5-30:47
MERGED from [com.google.firebase:firebase-iid:12.0.1] AndroidManifest.xml:28:5-30:47
	android:protectionLevel
		ADDED from [com.onesignal:OneSignal:3.11.1] AndroidManifest.xml:9:9-44
	android:name
		ADDED from [com.onesignal:OneSignal:3.11.1] AndroidManifest.xml:8:9-63
permission#com.greenwill.cleanever.permission.C2D_MESSAGE
ADDED from [com.onesignal:OneSignal:3.11.1] AndroidManifest.xml:7:5-9:47
MERGED from [com.google.firebase:firebase-iid:12.0.1] AndroidManifest.xml:28:5-30:47
MERGED from [com.google.firebase:firebase-iid:12.0.1] AndroidManifest.xml:28:5-30:47
	android:protectionLevel
		ADDED from [com.onesignal:OneSignal:3.11.1] AndroidManifest.xml:9:9-44
	android:name
		ADDED from [com.onesignal:OneSignal:3.11.1] AndroidManifest.xml:8:9-63
uses-permission#${applicationId}.permission.C2D_MESSAGE
ADDED from [com.onesignal:OneSignal:3.11.1] AndroidManifest.xml:11:5-79
MERGED from [com.google.firebase:firebase-iid:12.0.1] AndroidManifest.xml:32:5-79
MERGED from [com.google.firebase:firebase-iid:12.0.1] AndroidManifest.xml:32:5-79
	android:name
		ADDED from [com.onesignal:OneSignal:3.11.1] AndroidManifest.xml:11:22-76
uses-permission#com.greenwill.cleanever.permission.C2D_MESSAGE
ADDED from [com.onesignal:OneSignal:3.11.1] AndroidManifest.xml:11:5-79
MERGED from [com.google.firebase:firebase-iid:12.0.1] AndroidManifest.xml:32:5-79
MERGED from [com.google.firebase:firebase-iid:12.0.1] AndroidManifest.xml:32:5-79
	android:name
		ADDED from [com.onesignal:OneSignal:3.11.1] AndroidManifest.xml:11:22-76
uses-permission#com.google.android.c2dm.permission.RECEIVE
ADDED from [com.onesignal:OneSignal:3.11.1] AndroidManifest.xml:17:5-82
MERGED from [com.google.firebase:firebase-iid:12.0.1] AndroidManifest.xml:26:5-82
MERGED from [com.google.firebase:firebase-iid:12.0.1] AndroidManifest.xml:26:5-82
	android:name
		ADDED from [com.onesignal:OneSignal:3.11.1] AndroidManifest.xml:17:22-79
uses-permission#android.permission.WAKE_LOCK
ADDED from [com.onesignal:OneSignal:3.11.1] AndroidManifest.xml:18:5-68
MERGED from [com.google.firebase:firebase-iid:12.0.1] AndroidManifest.xml:24:5-68
MERGED from [com.google.firebase:firebase-iid:12.0.1] AndroidManifest.xml:24:5-68
	android:name
		ADDED from [com.onesignal:OneSignal:3.11.1] AndroidManifest.xml:18:22-65
uses-permission#android.permission.VIBRATE
ADDED from [com.onesignal:OneSignal:3.11.1] AndroidManifest.xml:23:5-66
	android:name
		ADDED from [com.onesignal:OneSignal:3.11.1] AndroidManifest.xml:23:22-63
uses-permission#android.permission.RECEIVE_BOOT_COMPLETED
ADDED from [com.onesignal:OneSignal:3.11.1] AndroidManifest.xml:29:5-81
	android:name
		ADDED from [com.onesignal:OneSignal:3.11.1] AndroidManifest.xml:29:22-78
uses-permission#com.sec.android.provider.badge.permission.READ
ADDED from [com.onesignal:OneSignal:3.11.1] AndroidManifest.xml:31:5-86
	android:name
		ADDED from [com.onesignal:OneSignal:3.11.1] AndroidManifest.xml:31:22-83
uses-permission#com.sec.android.provider.badge.permission.WRITE
ADDED from [com.onesignal:OneSignal:3.11.1] AndroidManifest.xml:32:5-87
	android:name
		ADDED from [com.onesignal:OneSignal:3.11.1] AndroidManifest.xml:32:22-84
uses-permission#com.htc.launcher.permission.READ_SETTINGS
ADDED from [com.onesignal:OneSignal:3.11.1] AndroidManifest.xml:33:5-81
	android:name
		ADDED from [com.onesignal:OneSignal:3.11.1] AndroidManifest.xml:33:22-78
uses-permission#com.htc.launcher.permission.UPDATE_SHORTCUT
ADDED from [com.onesignal:OneSignal:3.11.1] AndroidManifest.xml:34:5-83
	android:name
		ADDED from [com.onesignal:OneSignal:3.11.1] AndroidManifest.xml:34:22-80
uses-permission#com.sonyericsson.home.permission.BROADCAST_BADGE
ADDED from [com.onesignal:OneSignal:3.11.1] AndroidManifest.xml:35:5-88
	android:name
		ADDED from [com.onesignal:OneSignal:3.11.1] AndroidManifest.xml:35:22-85
uses-permission#com.sonymobile.home.permission.PROVIDER_INSERT_BADGE
ADDED from [com.onesignal:OneSignal:3.11.1] AndroidManifest.xml:36:5-92
	android:name
		ADDED from [com.onesignal:OneSignal:3.11.1] AndroidManifest.xml:36:22-89
uses-permission#com.anddoes.launcher.permission.UPDATE_COUNT
ADDED from [com.onesignal:OneSignal:3.11.1] AndroidManifest.xml:37:5-84
	android:name
		ADDED from [com.onesignal:OneSignal:3.11.1] AndroidManifest.xml:37:22-81
uses-permission#com.majeur.launcher.permission.UPDATE_BADGE
ADDED from [com.onesignal:OneSignal:3.11.1] AndroidManifest.xml:38:5-83
	android:name
		ADDED from [com.onesignal:OneSignal:3.11.1] AndroidManifest.xml:38:22-80
uses-permission#com.huawei.android.launcher.permission.CHANGE_BADGE
ADDED from [com.onesignal:OneSignal:3.11.1] AndroidManifest.xml:39:5-91
	android:name
		ADDED from [com.onesignal:OneSignal:3.11.1] AndroidManifest.xml:39:22-88
uses-permission#com.huawei.android.launcher.permission.READ_SETTINGS
ADDED from [com.onesignal:OneSignal:3.11.1] AndroidManifest.xml:40:5-92
	android:name
		ADDED from [com.onesignal:OneSignal:3.11.1] AndroidManifest.xml:40:22-89
uses-permission#com.huawei.android.launcher.permission.WRITE_SETTINGS
ADDED from [com.onesignal:OneSignal:3.11.1] AndroidManifest.xml:41:5-93
	android:name
		ADDED from [com.onesignal:OneSignal:3.11.1] AndroidManifest.xml:41:22-90
uses-permission#android.permission.READ_APP_BADGE
ADDED from [com.onesignal:OneSignal:3.11.1] AndroidManifest.xml:42:5-73
	android:name
		ADDED from [com.onesignal:OneSignal:3.11.1] AndroidManifest.xml:42:22-70
uses-permission#com.oppo.launcher.permission.READ_SETTINGS
ADDED from [com.onesignal:OneSignal:3.11.1] AndroidManifest.xml:43:5-82
	android:name
		ADDED from [com.onesignal:OneSignal:3.11.1] AndroidManifest.xml:43:22-79
uses-permission#com.oppo.launcher.permission.WRITE_SETTINGS
ADDED from [com.onesignal:OneSignal:3.11.1] AndroidManifest.xml:44:5-83
	android:name
		ADDED from [com.onesignal:OneSignal:3.11.1] AndroidManifest.xml:44:22-80
uses-permission#me.everything.badger.permission.BADGE_COUNT_READ
ADDED from [com.onesignal:OneSignal:3.11.1] AndroidManifest.xml:45:5-88
	android:name
		ADDED from [com.onesignal:OneSignal:3.11.1] AndroidManifest.xml:45:22-85
uses-permission#me.everything.badger.permission.BADGE_COUNT_WRITE
ADDED from [com.onesignal:OneSignal:3.11.1] AndroidManifest.xml:46:5-89
	android:name
		ADDED from [com.onesignal:OneSignal:3.11.1] AndroidManifest.xml:46:22-86
meta-data#onesignal_app_id
ADDED from [com.onesignal:OneSignal:3.11.1] AndroidManifest.xml:49:9-51:51
	android:value
		ADDED from [com.onesignal:OneSignal:3.11.1] AndroidManifest.xml:51:13-48
	android:name
		ADDED from [com.onesignal:OneSignal:3.11.1] AndroidManifest.xml:50:13-44
meta-data#onesignal_google_project_number
ADDED from [com.onesignal:OneSignal:3.11.1] AndroidManifest.xml:53:9-55:70
	android:value
		ADDED from [com.onesignal:OneSignal:3.11.1] AndroidManifest.xml:55:13-67
	android:name
		ADDED from [com.onesignal:OneSignal:3.11.1] AndroidManifest.xml:54:13-59